<?xml version="1.0" encoding="UTF-8"?>
<!-- Generated by org.testng.reporters.JUnitXMLReporter -->
<testsuite ignored="15" hostname="LAP-SG-10226" failures="3" tests="5" name="Default test" time="5443.92" errors="0" timestamp="2025-02-21T15:41:40 IST">
  <testcase classname="fcaa.testCase.forms" name="testBooleanSearch" time="1825.587">
    <failure type="java.io.FileNotFoundException" message="https://win-handbookapi.azurewebsites.net/files/form/mcob/mcob_8_annex_1R_010110.pdf">
      <![CDATA[java.io.FileNotFoundException: https://win-handbookapi.azurewebsites.net/files/form/mcob/mcob_8_annex_1R_010110.pdf
at java.base/sun.net.www.protocol.http.HttpURLConnection.getInputStream0(HttpURLConnection.java:1995)
at java.base/sun.net.www.protocol.http.HttpURLConnection.getInputStream(HttpURLConnection.java:1600)
at java.base/sun.net.www.protocol.https.HttpsURLConnectionImpl.getInputStream(HttpsURLConnectionImpl.java:223)
at fcaa.AbstractComponnent.FileExtractor.readFile(FileExtractor.java:60)
at fcaa.pageObject.Forms.validateResults(Forms.java:209)
at fcaa.testCase.forms.testBooleanSearch(forms.java:210)
at java.base/jdk.internal.reflect.DirectMethodHandleAccessor.invoke(DirectMethodHandleAccessor.java:103)
at java.base/java.lang.reflect.Method.invoke(Method.java:580)
at org.testng.internal.MethodInvocationHelper.invokeMethod(MethodInvocationHelper.java:133)
at org.testng.internal.TestInvoker.invokeMethod(TestInvoker.java:598)
at org.testng.internal.TestInvoker.invokeTestMethod(TestInvoker.java:173)
at org.testng.internal.MethodRunner.runInSequence(MethodRunner.java:46)
at org.testng.internal.TestInvoker$MethodInvocationAgent.invoke(TestInvoker.java:824)
at org.testng.internal.TestInvoker.invokeTestMethods(TestInvoker.java:146)
at org.testng.internal.TestMethodWorker.invokeTestMethods(TestMethodWorker.java:146)
at org.testng.internal.TestMethodWorker.run(TestMethodWorker.java:128)
at java.base/java.util.ArrayList.forEach(ArrayList.java:1597)
at org.testng.TestRunner.privateRun(TestRunner.java:794)
at org.testng.TestRunner.run(TestRunner.java:596)
at org.testng.SuiteRunner.runTest(SuiteRunner.java:377)
at org.testng.SuiteRunner.runSequentially(SuiteRunner.java:371)
at org.testng.SuiteRunner.privateRun(SuiteRunner.java:332)
at org.testng.SuiteRunner.run(SuiteRunner.java:276)
at org.testng.SuiteRunnerWorker.runSuite(SuiteRunnerWorker.java:53)
at org.testng.SuiteRunnerWorker.run(SuiteRunnerWorker.java:96)
at org.testng.TestNG.runSuitesSequentially(TestNG.java:1212)
at org.testng.TestNG.runSuitesLocally(TestNG.java:1134)
at org.testng.TestNG.runSuites(TestNG.java:1063)
at org.testng.TestNG.run(TestNG.java:1031)
at org.testng.remote.AbstractRemoteTestNG.run(AbstractRemoteTestNG.java:115)
at org.testng.remote.RemoteTestNG.initAndRun(RemoteTestNG.java:293)
at org.testng.remote.RemoteTestNG.main(RemoteTestNG.java:91)
]]>
    </failure>
  </testcase> <!-- testBooleanSearch -->
  <testcase classname="fcaa.testCase.forms" name="testBooleanSearch" time="2353.424">
    <failure type="java.io.FileNotFoundException" message="https://win-handbookapi.azurewebsites.net/files/form/mcob/mcob_8_annex_1R_010110.pdf">
      <![CDATA[java.io.FileNotFoundException: https://win-handbookapi.azurewebsites.net/files/form/mcob/mcob_8_annex_1R_010110.pdf
at java.base/sun.net.www.protocol.http.HttpURLConnection.getInputStream0(HttpURLConnection.java:1995)
at java.base/sun.net.www.protocol.http.HttpURLConnection.getInputStream(HttpURLConnection.java:1600)
at java.base/sun.net.www.protocol.https.HttpsURLConnectionImpl.getInputStream(HttpsURLConnectionImpl.java:223)
at fcaa.AbstractComponnent.FileExtractor.readFile(FileExtractor.java:60)
at fcaa.pageObject.Forms.validateResults(Forms.java:209)
at fcaa.testCase.forms.testBooleanSearch(forms.java:210)
at java.base/jdk.internal.reflect.DirectMethodHandleAccessor.invoke(DirectMethodHandleAccessor.java:103)
at java.base/java.lang.reflect.Method.invoke(Method.java:580)
at org.testng.internal.MethodInvocationHelper.invokeMethod(MethodInvocationHelper.java:133)
at org.testng.internal.TestInvoker.invokeMethod(TestInvoker.java:598)
at org.testng.internal.TestInvoker.invokeTestMethod(TestInvoker.java:173)
at org.testng.internal.MethodRunner.runInSequence(MethodRunner.java:46)
at org.testng.internal.TestInvoker$MethodInvocationAgent.invoke(TestInvoker.java:824)
at org.testng.internal.TestInvoker.invokeTestMethods(TestInvoker.java:146)
at org.testng.internal.TestMethodWorker.invokeTestMethods(TestMethodWorker.java:146)
at org.testng.internal.TestMethodWorker.run(TestMethodWorker.java:128)
at java.base/java.util.ArrayList.forEach(ArrayList.java:1597)
at org.testng.TestRunner.privateRun(TestRunner.java:794)
at org.testng.TestRunner.run(TestRunner.java:596)
at org.testng.SuiteRunner.runTest(SuiteRunner.java:377)
at org.testng.SuiteRunner.runSequentially(SuiteRunner.java:371)
at org.testng.SuiteRunner.privateRun(SuiteRunner.java:332)
at org.testng.SuiteRunner.run(SuiteRunner.java:276)
at org.testng.SuiteRunnerWorker.runSuite(SuiteRunnerWorker.java:53)
at org.testng.SuiteRunnerWorker.run(SuiteRunnerWorker.java:96)
at org.testng.TestNG.runSuitesSequentially(TestNG.java:1212)
at org.testng.TestNG.runSuitesLocally(TestNG.java:1134)
at org.testng.TestNG.runSuites(TestNG.java:1063)
at org.testng.TestNG.run(TestNG.java:1031)
at org.testng.remote.AbstractRemoteTestNG.run(AbstractRemoteTestNG.java:115)
at org.testng.remote.RemoteTestNG.initAndRun(RemoteTestNG.java:293)
at org.testng.remote.RemoteTestNG.main(RemoteTestNG.java:91)
]]>
    </failure>
  </testcase> <!-- testBooleanSearch -->
  <testcase classname="fcaa.testCase.forms" name="testBooleanSearch" time="136.774"/>
  <testcase classname="fcaa.testCase.forms" name="testBooleanSearch" time="931.131">
    <failure type="java.io.FileNotFoundException" message="https://win-handbookapi.azurewebsites.net/files/form/mcob/mcob6_annex2R_20100630.pdf">
      <![CDATA[java.io.FileNotFoundException: https://win-handbookapi.azurewebsites.net/files/form/mcob/mcob6_annex2R_20100630.pdf
at java.base/sun.net.www.protocol.http.HttpURLConnection.getInputStream0(HttpURLConnection.java:1995)
at java.base/sun.net.www.protocol.http.HttpURLConnection.getInputStream(HttpURLConnection.java:1600)
at java.base/sun.net.www.protocol.https.HttpsURLConnectionImpl.getInputStream(HttpsURLConnectionImpl.java:223)
at fcaa.AbstractComponnent.FileExtractor.readFile(FileExtractor.java:60)
at fcaa.pageObject.Forms.validateResults(Forms.java:209)
at fcaa.testCase.forms.testBooleanSearch(forms.java:210)
at java.base/jdk.internal.reflect.DirectMethodHandleAccessor.invoke(DirectMethodHandleAccessor.java:103)
at java.base/java.lang.reflect.Method.invoke(Method.java:580)
at org.testng.internal.MethodInvocationHelper.invokeMethod(MethodInvocationHelper.java:133)
at org.testng.internal.TestInvoker.invokeMethod(TestInvoker.java:598)
at org.testng.internal.TestInvoker.invokeTestMethod(TestInvoker.java:173)
at org.testng.internal.MethodRunner.runInSequence(MethodRunner.java:46)
at org.testng.internal.TestInvoker$MethodInvocationAgent.invoke(TestInvoker.java:824)
at org.testng.internal.TestInvoker.invokeTestMethods(TestInvoker.java:146)
at org.testng.internal.TestMethodWorker.invokeTestMethods(TestMethodWorker.java:146)
at org.testng.internal.TestMethodWorker.run(TestMethodWorker.java:128)
at java.base/java.util.ArrayList.forEach(ArrayList.java:1597)
at org.testng.TestRunner.privateRun(TestRunner.java:794)
at org.testng.TestRunner.run(TestRunner.java:596)
at org.testng.SuiteRunner.runTest(SuiteRunner.java:377)
at org.testng.SuiteRunner.runSequentially(SuiteRunner.java:371)
at org.testng.SuiteRunner.privateRun(SuiteRunner.java:332)
at org.testng.SuiteRunner.run(SuiteRunner.java:276)
at org.testng.SuiteRunnerWorker.runSuite(SuiteRunnerWorker.java:53)
at org.testng.SuiteRunnerWorker.run(SuiteRunnerWorker.java:96)
at org.testng.TestNG.runSuitesSequentially(TestNG.java:1212)
at org.testng.TestNG.runSuitesLocally(TestNG.java:1134)
at org.testng.TestNG.runSuites(TestNG.java:1063)
at org.testng.TestNG.run(TestNG.java:1031)
at org.testng.remote.AbstractRemoteTestNG.run(AbstractRemoteTestNG.java:115)
at org.testng.remote.RemoteTestNG.initAndRun(RemoteTestNG.java:293)
at org.testng.remote.RemoteTestNG.main(RemoteTestNG.java:91)
]]>
    </failure>
  </testcase> <!-- testBooleanSearch -->
  <testcase classname="fcaa.testCase.forms" name="testBooleanSearch" time="109.06"/>
  <testcase classname="fcaa.testCase.forms" name="verifyNextPageNumber" time="0.0">
    <ignored/>
  </testcase> <!-- verifyNextPageNumber -->
  <testcase classname="fcaa.testCase.forms" name="testdateRange" time="0.0">
    <ignored/>
  </testcase> <!-- testdateRange -->
  <testcase classname="fcaa.testCase.forms" name="testNewest" time="0.0">
    <ignored/>
  </testcase> <!-- testNewest -->
  <testcase classname="fcaa.testCase.forms" name="verifyTotalCount" time="0.0">
    <ignored/>
  </testcase> <!-- verifyTotalCount -->
  <testcase classname="fcaa.testCase.forms" name="verifyDataWithinDateRange" time="0.0">
    <ignored/>
  </testcase> <!-- verifyDataWithinDateRange -->
  <testcase classname="fcaa.testCase.forms" name="testMonthRadio" time="0.0">
    <ignored/>
  </testcase> <!-- testMonthRadio -->
  <testcase classname="fcaa.testCase.forms" name="verifyFirstPageNumber" time="0.0">
    <ignored/>
  </testcase> <!-- verifyFirstPageNumber -->
  <testcase classname="fcaa.testCase.forms" name="verifyDateRangeClear" time="0.0">
    <ignored/>
  </testcase> <!-- verifyDateRangeClear -->
  <testcase classname="fcaa.testCase.forms" name="testTitleDescending" time="0.0">
    <ignored/>
  </testcase> <!-- testTitleDescending -->
  <testcase classname="fcaa.testCase.forms" name="verifyPreviousPageNumber" time="0.0">
    <ignored/>
  </testcase> <!-- verifyPreviousPageNumber -->
  <testcase classname="fcaa.testCase.forms" name="testTitleAscending" time="0.0">
    <ignored/>
  </testcase> <!-- testTitleAscending -->
  <testcase classname="fcaa.testCase.forms" name="testOldest" time="0.0">
    <ignored/>
  </testcase> <!-- testOldest -->
  <testcase classname="fcaa.testCase.forms" name="verifyLastPageNumber" time="0.0">
    <ignored/>
  </testcase> <!-- verifyLastPageNumber -->
  <testcase classname="fcaa.testCase.forms" name="testsearchbox" time="0.0">
    <ignored/>
  </testcase> <!-- testsearchbox -->
  <testcase classname="fcaa.testCase.forms" name="verifyRadioButtonUnselect" time="0.0">
    <ignored/>
  </testcase> <!-- verifyRadioButtonUnselect -->
</testsuite> <!-- Default test -->
