<?xml version="1.0" encoding="UTF-8"?>
<!-- Generated by org.testng.reporters.JUnitXMLReporter -->
<testsuite ignored="22" hostname="LAP-SG-10226" failures="0" tests="1" name="Default test" time="15.388" errors="0" timestamp="2025-02-12T17:46:53 IST">
  <testcase classname="fcaa.testCase.instruments" name="testPublishedDateRadio" time="4.317"/>
  <testcase classname="fcaa.testCase.instruments" name="verifyPublishedDateRadioButtonUnselect" time="0.0">
    <ignored/>
  </testcase> <!-- verifyPublishedDateRadioButtonUnselect -->
  <testcase classname="fcaa.testCase.instruments" name="verifypublishedDataWithinDateRange" time="0.0">
    <ignored/>
  </testcase> <!-- verifypublishedDataWithinDateRange -->
  <testcase classname="fcaa.testCase.instruments" name="testsearchbox" time="0.0">
    <ignored/>
  </testcase> <!-- testsearchbox -->
  <testcase classname="fcaa.testCase.instruments" name="testNewest" time="0.0">
    <ignored/>
  </testcase> <!-- testNewest -->
  <testcase classname="fcaa.testCase.instruments" name="testOldest" time="0.0">
    <ignored/>
  </testcase> <!-- testOldest -->
  <testcase classname="fcaa.testCase.instruments" name="testPublisheddateRange" time="0.0">
    <ignored/>
  </testcase> <!-- testPublisheddateRange -->
  <testcase classname="fcaa.testCase.instruments" name="clickEffactiveDateRadioText" time="0.0">
    <ignored/>
  </testcase> <!-- clickEffactiveDateRadioText -->
  <testcase classname="fcaa.testCase.instruments" name="verifyPublishedDateRangeClear" time="0.0">
    <ignored/>
  </testcase> <!-- verifyPublishedDateRangeClear -->
  <testcase classname="fcaa.testCase.instruments" name="testEffectiveDateRadio" time="0.0">
    <ignored/>
  </testcase> <!-- testEffectiveDateRadio -->
  <testcase classname="fcaa.testCase.instruments" name="verifyFilterByModule" time="0.0">
    <ignored/>
  </testcase> <!-- verifyFilterByModule -->
  <testcase classname="fcaa.testCase.instruments" name="verifyFirstPageNumber" time="0.0">
    <ignored/>
  </testcase> <!-- verifyFirstPageNumber -->
  <testcase classname="fcaa.testCase.instruments" name="verifyTitleListWithInstrumentType" time="0.0">
    <ignored/>
  </testcase> <!-- verifyTitleListWithInstrumentType -->
  <testcase classname="fcaa.testCase.instruments" name="testTitleDescending" time="0.0">
    <ignored/>
  </testcase> <!-- testTitleDescending -->
  <testcase classname="fcaa.testCase.instruments" name="verifyPreviousPageNumber" time="0.0">
    <ignored/>
  </testcase> <!-- verifyPreviousPageNumber -->
  <testcase classname="fcaa.testCase.instruments" name="verifyEffectiveDateRadioButtonUnselect" time="0.0">
    <ignored/>
  </testcase> <!-- verifyEffectiveDateRadioButtonUnselect -->
  <testcase classname="fcaa.testCase.instruments" name="verifyTotalCount" time="0.0">
    <ignored/>
  </testcase> <!-- verifyTotalCount -->
  <testcase classname="fcaa.testCase.instruments" name="testTitleAscending" time="0.0">
    <ignored/>
  </testcase> <!-- testTitleAscending -->
  <testcase classname="fcaa.testCase.instruments" name="testEffectivedateRange" time="0.0">
    <ignored/>
  </testcase> <!-- testEffectivedateRange -->
  <testcase classname="fcaa.testCase.instruments" name="verifyNextPageNumber" time="0.0">
    <ignored/>
  </testcase> <!-- verifyNextPageNumber -->
  <testcase classname="fcaa.testCase.instruments" name="verifyEffectiveDateRangeClear" time="0.0">
    <ignored/>
  </testcase> <!-- verifyEffectiveDateRangeClear -->
  <testcase classname="fcaa.testCase.instruments" name="verifyLastPageNumber" time="0.0">
    <ignored/>
  </testcase> <!-- verifyLastPageNumber -->
  <testcase classname="fcaa.testCase.instruments" name="verifyEffectiveDataWithinDateRange" time="0.0">
    <ignored/>
  </testcase> <!-- verifyEffectiveDataWithinDateRange -->
</testsuite> <!-- Default test -->
