<?xml version="1.0" encoding="UTF-8"?>
<!-- Generated by org.testng.reporters.JUnitXMLReporter -->
<testsuite ignored="0" hostname="LAP-SG-10109" failures="1" tests="18" name="Test" time="158.397" errors="0" timestamp="2024-12-06T00:37:09 IST">
  <testcase classname="fcaa.testCase.latestNews" name="@BeforeMethod setUpLatestNews" time="1.506">
    <failure type="org.openqa.selenium.StaleElementReferenceException" message="stale element reference: stale element not found in the current frame
  (Session info: chrome=131.0.6778.108)
For documentation on this error, please visit: https://www.selenium.dev/documentation/webdriver/troubleshooting/errors#stale-element-reference-exception
Build info: version: &amp;apos;4.23.0&amp;apos;, revision: &amp;apos;4df0a231af&amp;apos;
System info: os.name: &amp;apos;Windows 10&amp;apos;, os.arch: &amp;apos;amd64&amp;apos;, os.version: &amp;apos;10.0&amp;apos;, java.version: &amp;apos;22.0.2&amp;apos;
Driver info: org.openqa.selenium.chrome.ChromeDriver
Command: [9b333db6e2c2d0a7359fb35c8a51d588, clickElement {id=f.F804460136B4B81833CE813F5BA428A9.d.6BC1BDEE64B74F5EA153F3C8A05128AF.e.2}]
Capabilities {acceptInsecureCerts: false, browserName: chrome, browserVersion: 131.0.6778.108, chrome: {chromedriverVersion: 131.0.6778.87 (ce31cae94873..., userDataDir: C:\Users\ROYALT~1\AppData\L...}, fedcm:accounts: true, goog:chromeOptions: {debuggerAddress: localhost:62287}, networkConnectionEnabled: false, pageLoadStrategy: normal, platformName: windows, proxy: Proxy(), se:cdp: ws://localhost:62287/devtoo..., se:cdpVersion: 131.0.6778.108, setWindowRect: true, strictFileInteractability: false, timeouts: {implicit: 0, pageLoad: 300000, script: 30000}, unhandledPromptBehavior: dismiss and notify, webauthn:extension:credBlob: true, webauthn:extension:largeBlob: true, webauthn:extension:minPinLength: true, webauthn:extension:prf: true, webauthn:virtualAuthenticators: true}
Element: [[ChromeDriver: chrome on windows (9b333db6e2c2d0a7359fb35c8a51d588)] -&amp;gt; xpath: //span[text()=&amp;apos;Latest News&amp;apos;]]
Session ID: 9b333db6e2c2d0a7359fb35c8a51d588">
      <![CDATA[org.openqa.selenium.StaleElementReferenceException: stale element reference: stale element not found in the current frame
  (Session info: chrome=131.0.6778.108)
For documentation on this error, please visit: https://www.selenium.dev/documentation/webdriver/troubleshooting/errors#stale-element-reference-exception
Build info: version: '4.23.0', revision: '4df0a231af'
System info: os.name: 'Windows 10', os.arch: 'amd64', os.version: '10.0', java.version: '22.0.2'
Driver info: org.openqa.selenium.chrome.ChromeDriver
Command: [9b333db6e2c2d0a7359fb35c8a51d588, clickElement {id=f.F804460136B4B81833CE813F5BA428A9.d.6BC1BDEE64B74F5EA153F3C8A05128AF.e.2}]
Capabilities {acceptInsecureCerts: false, browserName: chrome, browserVersion: 131.0.6778.108, chrome: {chromedriverVersion: 131.0.6778.87 (ce31cae94873..., userDataDir: C:\Users\ROYALT~1\AppData\L...}, fedcm:accounts: true, goog:chromeOptions: {debuggerAddress: localhost:62287}, networkConnectionEnabled: false, pageLoadStrategy: normal, platformName: windows, proxy: Proxy(), se:cdp: ws://localhost:62287/devtoo..., se:cdpVersion: 131.0.6778.108, setWindowRect: true, strictFileInteractability: false, timeouts: {implicit: 0, pageLoad: 300000, script: 30000}, unhandledPromptBehavior: dismiss and notify, webauthn:extension:credBlob: true, webauthn:extension:largeBlob: true, webauthn:extension:minPinLength: true, webauthn:extension:prf: true, webauthn:virtualAuthenticators: true}
Element: [[ChromeDriver: chrome on windows (9b333db6e2c2d0a7359fb35c8a51d588)] -> xpath: //span[text()='Latest News']]
Session ID: 9b333db6e2c2d0a7359fb35c8a51d588
at org.openqa.selenium.remote.ErrorCodec.decode(ErrorCodec.java:167)
at org.openqa.selenium.remote.codec.w3c.W3CHttpResponseCodec.decode(W3CHttpResponseCodec.java:138)
at org.openqa.selenium.remote.codec.w3c.W3CHttpResponseCodec.decode(W3CHttpResponseCodec.java:50)
at org.openqa.selenium.remote.HttpCommandExecutor.execute(HttpCommandExecutor.java:190)
at org.openqa.selenium.remote.service.DriverCommandExecutor.invokeExecute(DriverCommandExecutor.java:216)
at org.openqa.selenium.remote.service.DriverCommandExecutor.execute(DriverCommandExecutor.java:174)
at org.openqa.selenium.remote.RemoteWebDriver.execute(RemoteWebDriver.java:527)
at org.openqa.selenium.remote.RemoteWebElement.execute(RemoteWebElement.java:223)
at org.openqa.selenium.remote.RemoteWebElement.click(RemoteWebElement.java:76)
at org.openqa.selenium.support.pagefactory.internal.LocatingElementHandler.invoke(LocatingElementHandler.java:51)
at jdk.proxy2/jdk.proxy2.$Proxy15.click(Unknown Source)
at fcaa.AbstractComponnent.MenuBar.goToLatestNews(MenuBar.java:75)
at fcaa.testCase.latestNews.setUpLatestNews(latestNews.java:28)
at java.base/java.util.ArrayList.forEach(ArrayList.java:1597)
... Removed 34 stack frames]]>
    </failure>
  </testcase> <!-- @BeforeMethod setUpLatestNews -->
  <testcase classname="fcaa.testComponent.BaseClass" name="@AfterMethod tearDown" time="-1.733425628156E9">
    <skipped/>
  </testcase> <!-- @AfterMethod tearDown -->
  <testcase classname="fcaa.testComponent.BaseClass" name="@BeforeMethod LaunchApplication" time="-1.733425628158E9">
    <skipped/>
  </testcase> <!-- @BeforeMethod LaunchApplication -->
  <testcase classname="fcaa.testCase.latestNews" name="@BeforeMethod setUpLatestNews" time="-1.733425628159E9">
    <skipped/>
  </testcase> <!-- @BeforeMethod setUpLatestNews -->
  <testcase classname="fcaa.testComponent.BaseClass" name="@AfterMethod tearDown" time="-1.733425628184E9">
    <skipped/>
  </testcase> <!-- @AfterMethod tearDown -->
  <testcase classname="fcaa.testComponent.BaseClass" name="@BeforeMethod LaunchApplication" time="-1.733425628193E9">
    <skipped/>
  </testcase> <!-- @BeforeMethod LaunchApplication -->
  <testcase classname="fcaa.testCase.latestNews" name="@BeforeMethod setUpLatestNews" time="-1.733425628196E9">
    <skipped/>
  </testcase> <!-- @BeforeMethod setUpLatestNews -->
  <testcase classname="fcaa.testComponent.BaseClass" name="@AfterMethod tearDown" time="-1.733425628216E9">
    <skipped/>
  </testcase> <!-- @AfterMethod tearDown -->
  <testcase classname="fcaa.testComponent.BaseClass" name="@BeforeMethod LaunchApplication" time="-1.733425628225E9">
    <skipped/>
  </testcase> <!-- @BeforeMethod LaunchApplication -->
  <testcase classname="fcaa.testCase.latestNews" name="@BeforeMethod setUpLatestNews" time="-1.733425628226E9">
    <skipped/>
  </testcase> <!-- @BeforeMethod setUpLatestNews -->
  <testcase classname="fcaa.testComponent.BaseClass" name="@AfterMethod tearDown" time="-1.733425628242E9">
    <skipped/>
  </testcase> <!-- @AfterMethod tearDown -->
  <testcase classname="fcaa.testComponent.BaseClass" name="@BeforeMethod LaunchApplication" time="-1.733425628253E9">
    <skipped/>
  </testcase> <!-- @BeforeMethod LaunchApplication -->
  <testcase classname="fcaa.testCase.latestNews" name="@BeforeMethod setUpLatestNews" time="-1.733425628253E9">
    <skipped/>
  </testcase> <!-- @BeforeMethod setUpLatestNews -->
  <testcase classname="fcaa.testComponent.BaseClass" name="@AfterMethod tearDown" time="-1.733425628274E9">
    <skipped/>
  </testcase> <!-- @AfterMethod tearDown -->
  <testcase classname="fcaa.testComponent.BaseClass" name="@BeforeMethod LaunchApplication" time="-1.733425628276E9">
    <skipped/>
  </testcase> <!-- @BeforeMethod LaunchApplication -->
  <testcase classname="fcaa.testCase.latestNews" name="@BeforeMethod setUpLatestNews" time="-1.733425628282E9">
    <skipped/>
  </testcase> <!-- @BeforeMethod setUpLatestNews -->
  <testcase classname="fcaa.testComponent.BaseClass" name="@AfterMethod tearDown" time="-1.73342562829E9">
    <skipped/>
  </testcase> <!-- @AfterMethod tearDown -->
  <testcase classname="fcaa.testComponent.BaseClass" name="@BeforeMethod LaunchApplication" time="-1.733425628292E9">
    <skipped/>
  </testcase> <!-- @BeforeMethod LaunchApplication -->
  <testcase classname="fcaa.testCase.latestNews" name="@BeforeMethod setUpLatestNews" time="-1.733425628302E9">
    <skipped/>
  </testcase> <!-- @BeforeMethod setUpLatestNews -->
  <testcase classname="fcaa.testComponent.BaseClass" name="@AfterMethod tearDown" time="-1.733425628322E9">
    <skipped/>
  </testcase> <!-- @AfterMethod tearDown -->
  <testcase classname="fcaa.testComponent.BaseClass" name="@BeforeMethod LaunchApplication" time="-1.733425628333E9">
    <skipped/>
  </testcase> <!-- @BeforeMethod LaunchApplication -->
  <testcase classname="fcaa.testCase.latestNews" name="@BeforeMethod setUpLatestNews" time="-1.733425628336E9">
    <skipped/>
  </testcase> <!-- @BeforeMethod setUpLatestNews -->
  <testcase classname="fcaa.testComponent.BaseClass" name="@AfterMethod tearDown" time="-1.73342562836E9">
    <skipped/>
  </testcase> <!-- @AfterMethod tearDown -->
  <testcase classname="fcaa.testComponent.BaseClass" name="@BeforeMethod LaunchApplication" time="-1.733425628373E9">
    <skipped/>
  </testcase> <!-- @BeforeMethod LaunchApplication -->
  <testcase classname="fcaa.testCase.latestNews" name="@BeforeMethod setUpLatestNews" time="-1.733425628374E9">
    <skipped/>
  </testcase> <!-- @BeforeMethod setUpLatestNews -->
  <testcase classname="fcaa.testComponent.BaseClass" name="@AfterMethod tearDown" time="-1.733425628387E9">
    <skipped/>
  </testcase> <!-- @AfterMethod tearDown -->
  <testcase classname="fcaa.testCase.latestNews" name="testsearchbox" time="1.014"/>
  <testcase classname="fcaa.testCase.latestNews" name="testNewest" time="9.489"/>
  <testcase classname="fcaa.testCase.latestNews" name="testOldest" time="8.869"/>
  <testcase classname="fcaa.testCase.latestNews" name="testTitleAscending" time="17.197"/>
  <testcase classname="fcaa.testCase.latestNews" name="testTitleDescending" time="17.016"/>
  <testcase classname="fcaa.testCase.latestNews" name="verifyTotalCount" time="5.048">
    <failure type="org.openqa.selenium.NoSuchElementException" message="no such element: Unable to locate element: {&amp;quot;method&amp;quot;:&amp;quot;xpath&amp;quot;,&amp;quot;selector&amp;quot;:&amp;quot;//div[contains(@class,&amp;apos;flex align-items-center gap-2 md:gap-4 flex-column sm:flex-row mt-3 ng-star-inserted&amp;apos;)]//div[contains(class,&amp;apos;toolbar text-sm py-2 px-2 border-round-lg flex-1&amp;apos;)]&amp;quot;}
  (Session info: chrome=131.0.6778.108)
For documentation on this error, please visit: https://www.selenium.dev/documentation/webdriver/troubleshooting/errors#no-such-element-exception
Build info: version: &amp;apos;4.23.0&amp;apos;, revision: &amp;apos;4df0a231af&amp;apos;
System info: os.name: &amp;apos;Windows 10&amp;apos;, os.arch: &amp;apos;amd64&amp;apos;, os.version: &amp;apos;10.0&amp;apos;, java.version: &amp;apos;22.0.2&amp;apos;
Driver info: org.openqa.selenium.chrome.ChromeDriver
Command: [9648ed28e3041acca21482360639735b, findElement {value=//div[contains(@class,&amp;apos;flex align-items-center gap-2 md:gap-4 flex-column sm:flex-row mt-3 ng-star-inserted&amp;apos;)]//div[contains(class,&amp;apos;toolbar text-sm py-2 px-2 border-round-lg flex-1&amp;apos;)], using=xpath}]
Capabilities {acceptInsecureCerts: false, browserName: chrome, browserVersion: 131.0.6778.108, chrome: {chromedriverVersion: 131.0.6778.87 (ce31cae94873..., userDataDir: C:\Users\ROYALT~1\AppData\L...}, fedcm:accounts: true, goog:chromeOptions: {debuggerAddress: localhost:62095}, networkConnectionEnabled: false, pageLoadStrategy: normal, platformName: windows, proxy: Proxy(), se:cdp: ws://localhost:62095/devtoo..., se:cdpVersion: 131.0.6778.108, setWindowRect: true, strictFileInteractability: false, timeouts: {implicit: 0, pageLoad: 300000, script: 30000}, unhandledPromptBehavior: dismiss and notify, webauthn:extension:credBlob: true, webauthn:extension:largeBlob: true, webauthn:extension:minPinLength: true, webauthn:extension:prf: true, webauthn:virtualAuthenticators: true}
Session ID: 9648ed28e3041acca21482360639735b">
      <![CDATA[org.openqa.selenium.NoSuchElementException: no such element: Unable to locate element: {"method":"xpath","selector":"//div[contains(@class,'flex align-items-center gap-2 md:gap-4 flex-column sm:flex-row mt-3 ng-star-inserted')]//div[contains(class,'toolbar text-sm py-2 px-2 border-round-lg flex-1')]"}
  (Session info: chrome=131.0.6778.108)
For documentation on this error, please visit: https://www.selenium.dev/documentation/webdriver/troubleshooting/errors#no-such-element-exception
Build info: version: '4.23.0', revision: '4df0a231af'
System info: os.name: 'Windows 10', os.arch: 'amd64', os.version: '10.0', java.version: '22.0.2'
Driver info: org.openqa.selenium.chrome.ChromeDriver
Command: [9648ed28e3041acca21482360639735b, findElement {value=//div[contains(@class,'flex align-items-center gap-2 md:gap-4 flex-column sm:flex-row mt-3 ng-star-inserted')]//div[contains(class,'toolbar text-sm py-2 px-2 border-round-lg flex-1')], using=xpath}]
Capabilities {acceptInsecureCerts: false, browserName: chrome, browserVersion: 131.0.6778.108, chrome: {chromedriverVersion: 131.0.6778.87 (ce31cae94873..., userDataDir: C:\Users\ROYALT~1\AppData\L...}, fedcm:accounts: true, goog:chromeOptions: {debuggerAddress: localhost:62095}, networkConnectionEnabled: false, pageLoadStrategy: normal, platformName: windows, proxy: Proxy(), se:cdp: ws://localhost:62095/devtoo..., se:cdpVersion: 131.0.6778.108, setWindowRect: true, strictFileInteractability: false, timeouts: {implicit: 0, pageLoad: 300000, script: 30000}, unhandledPromptBehavior: dismiss and notify, webauthn:extension:credBlob: true, webauthn:extension:largeBlob: true, webauthn:extension:minPinLength: true, webauthn:extension:prf: true, webauthn:virtualAuthenticators: true}
Session ID: 9648ed28e3041acca21482360639735b
at org.openqa.selenium.remote.ErrorCodec.decode(ErrorCodec.java:167)
at org.openqa.selenium.remote.codec.w3c.W3CHttpResponseCodec.decode(W3CHttpResponseCodec.java:138)
at org.openqa.selenium.remote.codec.w3c.W3CHttpResponseCodec.decode(W3CHttpResponseCodec.java:50)
at org.openqa.selenium.remote.HttpCommandExecutor.execute(HttpCommandExecutor.java:190)
at org.openqa.selenium.remote.service.DriverCommandExecutor.invokeExecute(DriverCommandExecutor.java:216)
at org.openqa.selenium.remote.service.DriverCommandExecutor.execute(DriverCommandExecutor.java:174)
at org.openqa.selenium.remote.RemoteWebDriver.execute(RemoteWebDriver.java:527)
at org.openqa.selenium.remote.ElementLocation$ElementFinder$2.findElement(ElementLocation.java:165)
at org.openqa.selenium.remote.ElementLocation.findElement(ElementLocation.java:59)
at org.openqa.selenium.remote.RemoteWebDriver.findElement(RemoteWebDriver.java:357)
at org.openqa.selenium.remote.RemoteWebDriver.findElement(RemoteWebDriver.java:351)
at org.openqa.selenium.support.pagefactory.DefaultElementLocator.findElement(DefaultElementLocator.java:68)
at org.openqa.selenium.support.pagefactory.internal.LocatingElementHandler.invoke(LocatingElementHandler.java:38)
at jdk.proxy2/jdk.proxy2.$Proxy15.getText(Unknown Source)
at fcaa.AbstractComponnent.Utility.getTotalDocuments(Utility.java:509)
at fcaa.AbstractComponnent.Utility.verifyDataCountAcrossPages(Utility.java:528)
at fcaa.pageObject.LatestNews.verifyDataCount(LatestNews.java:88)
at fcaa.testCase.latestNews.verifyTotalCount(latestNews.java:105)
at java.base/java.util.ArrayList.forEach(ArrayList.java:1597)
... Removed 28 stack frames]]>
    </failure>
  </testcase> <!-- verifyTotalCount -->
  <testcase classname="fcaa.testCase.latestNews" name="verifyFirstPageNumber" time="16.217"/>
  <testcase classname="fcaa.testCase.latestNews" name="verifyPreviousPageNumber" time="16.181"/>
  <testcase classname="fcaa.testCase.latestNews" name="verifyNextPageNumber" time="8.11"/>
  <testcase classname="fcaa.testCase.latestNews" name="verifyLastPageNumber" time="0.0">
    <skipped/>
  </testcase> <!-- verifyLastPageNumber -->
  <testcase classname="fcaa.testCase.latestNews" name="verifyLinkText" time="0.0">
    <skipped/>
  </testcase> <!-- verifyLinkText -->
  <testcase classname="fcaa.testCase.latestNews" name="verifygoBack" time="0.0">
    <skipped/>
  </testcase> <!-- verifygoBack -->
  <testcase classname="fcaa.testCase.latestNews" name="testVerifyOpenPdfInNewTab" time="0.0">
    <skipped/>
  </testcase> <!-- testVerifyOpenPdfInNewTab -->
  <testcase classname="fcaa.testCase.latestNews" name="testMonthRadio" time="0.0">
    <skipped/>
  </testcase> <!-- testMonthRadio -->
  <testcase classname="fcaa.testCase.latestNews" name="testdateRange" time="0.0">
    <skipped/>
  </testcase> <!-- testdateRange -->
  <testcase classname="fcaa.testCase.latestNews" name="verifyDataWithinDateRange" time="0.0">
    <skipped/>
  </testcase> <!-- verifyDataWithinDateRange -->
  <testcase classname="fcaa.testCase.latestNews" name="verifyRadioButtonUnselect" time="0.0">
    <skipped/>
  </testcase> <!-- verifyRadioButtonUnselect -->
  <testcase classname="fcaa.testCase.latestNews" name="verifyDateRangeClear" time="0.0">
    <skipped/>
  </testcase> <!-- verifyDateRangeClear -->
</testsuite> <!-- Test -->
