<?xml version="1.0" encoding="UTF-8"?>
<!-- Generated by org.testng.reporters.JUnitXMLReporter -->
<testsuite ignored="0" hostname="LAP-SG-10109" failures="1" tests="19" name="Test" time="90.735" errors="0" timestamp="2024-10-25T11:51:01 IST">
  <testcase classname="fcaa.testCase.latestNews" name="testsearchbox" time="0.828"/>
  <testcase classname="fcaa.testCase.latestNews" name="testOldest" time="1.454"/>
  <testcase classname="fcaa.testCase.latestNews" name="testNewest" time="1.7"/>
  <testcase classname="fcaa.testCase.latestNews" name="testTitleDescending" time="1.217"/>
  <testcase classname="fcaa.testCase.latestNews" name="testTitleAscending" time="1.951"/>
  <testcase classname="fcaa.testCase.latestNews" name="testMonthRadio" time="0.819"/>
  <testcase classname="fcaa.testCase.latestNews" name="testdateRange" time="1.21"/>
  <testcase classname="fcaa.testCase.latestNews" name="verifyDataWithinDateRange" time="1.506"/>
  <testcase classname="fcaa.testCase.latestNews" name="verifyRadioButtonUnselect" time="1.136">
    <failure type="java.lang.AssertionError" message="Radio button should be unselected after entering date range. expected [false] but found [true]">
      <![CDATA[java.lang.AssertionError: Radio button should be unselected after entering date range. expected [false] but found [true]
at fcaa.testCase.latestNews.verifyRadioButtonUnselect(latestNews.java:119)
at java.base/java.util.ArrayList.forEach(ArrayList.java:1597)
... Removed 28 stack frames]]>
    </failure>
  </testcase> <!-- verifyRadioButtonUnselect -->
  <testcase classname="fcaa.testCase.latestNews" name="verifyDateRangeClear" time="0.95"/>
  <testcase classname="fcaa.testCase.latestNews" name="verifyTotalCount" time="0.878"/>
  <testcase classname="fcaa.testCase.latestNews" name="verifyLinkText" time="2.451"/>
  <testcase classname="fcaa.testCase.latestNews" name="verifygoBack" time="1.944"/>
  <testcase classname="fcaa.testCase.latestNews" name="testVerifyOpenPdfInNewTab" time="3.52"/>
  <testcase classname="fcaa.testCase.latestNews" name="verifyFirstPageNumber" time="0.766"/>
  <testcase classname="fcaa.testCase.latestNews" name="verifyPreviousPageNumber" time="0.753"/>
  <testcase classname="fcaa.testCase.latestNews" name="verifyNextPageNumber" time="0.8"/>
  <testcase classname="fcaa.testCase.latestNews" name="verifyLastPageNumber" time="0.651"/>
  <testcase classname="fcaa.testCase.forms" name="testsearchbox" time="1.067"/>
</testsuite> <!-- Test -->
