<?xml version="1.0" encoding="UTF-8"?>
<testng-results ignored="22" total="23" passed="1" failed="0" skipped="0">
  <reporter-output>
    <line>
      <![CDATA[Next Page button is disabled or not found]]>
    </line>
  </reporter-output>
  <suite started-at="2024-11-28T01:16:24 IST" name="Default suite" finished-at="2024-11-28T01:16:47 IST" duration-ms="23554">
    <groups>
    </groups>
    <test started-at="2024-11-28T01:16:24 IST" name="Default test" finished-at="2024-11-28T01:16:47 IST" duration-ms="23554">
      <class name="fcaa.testCase.instruments">
        <test-method is-config="true" signature="LaunchApplication()[pri:0, instance:fcaa.testCase.instruments@4d5d943d]" started-at="2024-11-28T01:16:24 IST" name="LaunchApplication" finished-at="2024-11-28T01:16:29 IST" duration-ms="5458" status="PASS">
          <reporter-output>
          </reporter-output>
        </test-method> <!-- LaunchApplication -->
        <test-method is-config="true" signature="setUpInstru()[pri:0, instance:fcaa.testCase.instruments@4d5d943d]" started-at="2024-11-28T01:16:29 IST" name="setUpInstru" finished-at="2024-11-28T01:16:29 IST" duration-ms="160" status="PASS">
          <reporter-output>
          </reporter-output>
        </test-method> <!-- setUpInstru -->
        <test-method signature="verifyTitleListWithInstrumentType()[pri:0, instance:fcaa.testCase.instruments@4d5d943d]" started-at="2024-11-28T01:16:29 IST" name="verifyTitleListWithInstrumentType" finished-at="2024-11-28T01:16:47 IST" duration-ms="17357" status="PASS">
          <reporter-output>
            <line>
              <![CDATA[Next Page button is disabled or not found]]>
            </line>
          </reporter-output>
        </test-method> <!-- verifyTitleListWithInstrumentType -->
        <test-method is-config="true" signature="tearDown()[pri:0, instance:fcaa.testCase.instruments@4d5d943d]" started-at="2024-11-28T01:16:47 IST" name="tearDown" finished-at="2024-11-28T01:16:47 IST" duration-ms="536" status="PASS">
          <reporter-output>
          </reporter-output>
        </test-method> <!-- tearDown -->
      </class> <!-- fcaa.testCase.instruments -->
    </test> <!-- Default test -->
  </suite> <!-- Default suite -->
</testng-results>
